[00:59:18] TERRAN: Graphics card: NVIDIA GeForce RTX 3060 Ti/PCIe/SSE2
[00:59:18] TERRAN: OpenGL version: 4.6.0 NVIDIA 512.77
[00:59:18] TERRAN: 0
[00:59:18] TERRAN: The operation completed successfully.
[00:59:18] TERRAN: Domain: Mono; Message: Config attempting to parse: 'mono\etc\config'.
[00:59:18] TERRAN: Domain: Mono; Message: Assembly Loader probing location: 'C:\Program Files\Mono\mscorlib.dll'.
[00:59:18] TERRAN: Domain: Mono; Message: Assembly Loader probing location: 'C:\Program Files\Mono\mono\4.5\mscorlib.dll'.
[00:59:18] TERRAN: Domain: Mono; Message: Assembly Loader probing location: 'mono\lib\mono\4.5\mscorlib.dll'.
[00:59:18] TERRAN: Domain: Mono; Message: Image addref mscorlib[000002647CB796B0] (asmctx DEFAULT) -> C:\Users\georg\Documents\Projects\OKAY\github\Terran\TerranEditor\mono\lib\mono\4.5\mscorlib.dll[0000026402208360]: 2
[00:59:18] TERRAN: Domain: Mono; Message: Prepared to set up assembly 'mscorlib' (C:\Users\georg\Documents\Projects\OKAY\github\Terran\TerranEditor\mono\lib\mono\4.5\mscorlib.dll)
[00:59:18] TERRAN: Domain: Mono; Message: AOT: image 'C:\Users\georg\Documents\Projects\OKAY\github\Terran\TerranEditor\mono\lib\mono\4.5\mscorlib.dll.dll' not found: The system cannot find the file specified.

[00:59:18] TERRAN: Domain: Mono; Message: AOT: image 'mono\lib/mono/aot-cache/amd64/mscorlib.dll.dll' not found: The system cannot find the path specified.

[00:59:18] TERRAN: Domain: Mono; Message: Assembly Loader loaded assembly from location: 'mono\lib\mono\4.5\mscorlib.dll'.
[00:59:18] TERRAN: Domain: Mono; Message: Config attempting to parse: 'C:\Users\georg\Documents\Projects\OKAY\github\Terran\TerranEditor\mono\lib\mono\4.5\mscorlib.dll.config'.
[00:59:18] TERRAN: Domain: Mono; Message: Config attempting to parse: 'mono\etc\mono\assemblies\mscorlib\mscorlib.config'.
[00:59:18] TERRAN: Domain: Mono; Message: Config attempting to parse: 'C:\Users\georg\.mono\assemblies\mscorlib\mscorlib.config'.
[00:59:18] TERRAN: Domain: Mono; Message: Loading assembly mscorlib (000002647CB796B0) into domain CoreDomain (00000264021A12A0) and ALC 0000000000000000
[00:59:18] TERRAN: Domain: Mono; Message: Assembly mscorlib[000002647CB796B0] added to domain CoreDomain, ref_count=1
[00:59:18] TERRAN: Domain: Mono; Message: Assembly mscorlib[000002647CB796B0] added to domain ScriptAssemblyDomain, ref_count=2
[00:59:18] TERRAN: Domain: Mono; Message: Assembly Loader probing location: 'Resources/Scripts/TerranScriptCore.dll'.
[00:59:18] TERRAN: Domain: Mono; Message: Image addref TerranScriptCore[0000026402251DF0] (asmctx DEFAULT) -> C:\Users\georg\Documents\Projects\OKAY\github\Terran\TerranEditor\Resources\Scripts\TerranScriptCore.dll[000002640229BA90]: 2
[00:59:18] TERRAN: Domain: Mono; Message: Prepared to set up assembly 'TerranScriptCore' (C:\Users\georg\Documents\Projects\OKAY\github\Terran\TerranEditor\Resources\Scripts\TerranScriptCore.dll)
[00:59:18] TERRAN: Domain: Mono; Message: Loading assembly TerranScriptCore (0000026402251DF0) into domain ScriptAssemblyDomain (000002640219FCB0) and ALC 0000000000000000
[00:59:18] TERRAN: Domain: Mono; Message: Assembly TerranScriptCore[0000026402251DF0] added to domain ScriptAssemblyDomain, ref_count=1
[00:59:18] TERRAN: Domain: Mono; Message: Image 'C:\Users\georg\Documents\Projects\OKAY\github\Terran\TerranEditor\Resources\Scripts\TerranScriptCore.dll' has no debug directory.
[00:59:18] TERRAN: Domain: Mono; Message: Assembly Loader loaded assembly from location: 'Resources/Scripts/TerranScriptCore.dll'.
[00:59:18] TERRAN: Domain: Mono; Message: Config attempting to parse: 'C:\Users\georg\Documents\Projects\OKAY\github\Terran\TerranEditor\Resources\Scripts\TerranScriptCore.dll.config'.
[00:59:18] TERRAN: Domain: Mono; Message: Config attempting to parse: 'mono\etc\mono\assemblies\TerranScriptCore\TerranScriptCore.config'.
[00:59:18] TERRAN: Domain: Mono; Message: Config attempting to parse: 'C:\Users\georg\.mono\assemblies\TerranScriptCore\TerranScriptCore.config'.
[00:59:18] TERRAN: Successfuly loaded: "Resources/Scripts/TerranSc